<?xml version="1.0" encoding="UTF-8"?>
<!-- Generated by org.testng.reporters.JUnitXMLReporter -->
<testsuite ignored="0" hostname="MPARTHA" failures="1" tests="4" name="Error validation test" time="37.031" errors="0" timestamp="2024-08-07T19:43:52 IST">
  <testcase classname="MPTech.tests.Errorvalidation" name="asubmitorder" time="0.97">
    <skipped/>
  </testcase> <!-- asubmitorder -->
  <testcase classname="MPTech.tests.Errorvalidation" name="asubmitorder" time="0.827">
    <skipped/>
  </testcase> <!-- asubmitorder -->
  <testcase classname="MPTech.tests.Errorvalidation" name="asubmitorder" time="0.802">
    <failure type="java.lang.AssertionError" message="expected [Incorrect email or password.] but found [Incorrect email  password.]">
      <![CDATA[java.lang.AssertionError: expected [Incorrect email or password.] but found [Incorrect email  password.]
at MPTech.tests.Errorvalidation.asubmitorder(Errorvalidation.java:36)
at java.base/java.util.ArrayList.forEach(ArrayList.java:1511)
at java.base/java.util.concurrent.FutureTask.run(FutureTask.java:264)
at java.base/java.util.concurrent.ThreadPoolExecutor.runWorker(ThreadPoolExecutor.java:1136)
at java.base/java.util.concurrent.ThreadPoolExecutor$Worker.run(ThreadPoolExecutor.java:635)
at java.base/java.lang.Thread.run(Thread.java:840)
... Removed 24 stack frames]]>
    </failure>
  </testcase> <!-- asubmitorder -->
  <testcase classname="MPTech.tests.Errorvalidation" name="productvalidation" time="16.021"/>
</testsuite> <!-- Error validation test -->
