<?xml version="1.0" encoding="UTF-8"?>
<!-- Generated by org.testng.reporters.JUnitXMLReporter -->
<testsuite ignored="0" hostname="MPARTHA" failures="1" tests="4" name="Error validation test" time="57.729" errors="0" timestamp="2024-08-10T19:14:09 IST">
  <testcase classname="MPTech.tests.Errorvalidation" name="asubmitorder" time="1.524">
    <skipped/>
  </testcase> <!-- asubmitorder -->
  <testcase classname="MPTech.tests.Errorvalidation" name="asubmitorder" time="0.939">
    <skipped/>
  </testcase> <!-- asubmitorder -->
  <testcase classname="MPTech.tests.Errorvalidation" name="asubmitorder" time="1.102">
    <failure type="java.lang.AssertionError" message="expected [Incorrect email or password.] but found [Incorrect email  password.]">
      <![CDATA[java.lang.AssertionError: expected [Incorrect email or password.] but found [Incorrect email  password.]
at MPTech.tests.Errorvalidation.asubmitorder(Errorvalidation.java:36)
at java.base/java.util.ArrayList.forEach(ArrayList.java:1596)
at java.base/java.util.concurrent.FutureTask.run(FutureTask.java:317)
at java.base/java.util.concurrent.ThreadPoolExecutor.runWorker(ThreadPoolExecutor.java:1144)
at java.base/java.util.concurrent.ThreadPoolExecutor$Worker.run(ThreadPoolExecutor.java:642)
at java.base/java.lang.Thread.run(Thread.java:1583)
... Removed 21 stack frames]]>
    </failure>
  </testcase> <!-- asubmitorder -->
  <testcase classname="MPTech.tests.Errorvalidation" name="productvalidation" time="21.253"/>
</testsuite> <!-- Error validation test -->
