<?xml version="1.0" encoding="UTF-8"?>
<!-- Generated by org.testng.reporters.JUnitXMLReporter -->
<testsuite ignored="0" hostname="MPARTHA" failures="0" tests="3" name="Originalcode2" time="63.19" errors="0" timestamp="2024-08-10T19:14:12 IST">
  <testcase classname="MPTech.tests.Originalcode2" name="submitorder" time="16.834"/>
  <testcase classname="MPTech.tests.Originalcode2" name="submitorder" time="18.723"/>
  <testcase classname="MPTech.tests.Originalcode2" name="productvalidation" time="1.011"/>
</testsuite> <!-- Originalcode2 -->
