<?xml version="1.0" encoding="UTF-8"?>
<testng-results ignored="0" total="1" passed="0" failed="1" skipped="0">
  <reporter-output>
  </reporter-output>
  <suite started-at="2024-08-23T21:05:25 IST" name="Surefire suite" finished-at="2024-08-23T21:05:25 IST" duration-ms="491">
    <groups>
      <group name="cucumber">
        <method signature="AbstractTestNGCucumberTests.runScenario(io.cucumber.testng.PickleWrapper,io.cucumber.testng.FeatureWrapper)[pri:0, instance:cucumber.TestNGTestRunner@fdefd3f]" name="runScenario" class="io.cucumber.testng.AbstractTestNGCucumberTests"/>
      </group> <!-- cucumber -->
    </groups>
    <test started-at="2024-08-23T21:05:25 IST" name="Surefire test" finished-at="2024-08-23T21:05:25 IST" duration-ms="491">
      <class name="cucumber.TestNGTestRunner">
        <test-method is-config="true" signature="setUpClass(org.testng.ITestContext)[pri:0, instance:cucumber.TestNGTestRunner@fdefd3f]" started-at="2024-08-23T21:05:25 IST" name="setUpClass" finished-at="2024-08-23T21:05:25 IST" duration-ms="322" status="PASS">
          <params>
            <param index="0">
              <value>
                <![CDATA[org.testng.TestRunner@162be91c]]>
              </value>
            </param>
          </params>
          <reporter-output>
          </reporter-output>
        </test-method> <!-- setUpClass -->
        <test-method signature="runScenario(io.cucumber.testng.PickleWrapper,io.cucumber.testng.FeatureWrapper)[pri:0, instance:cucumber.TestNGTestRunner@fdefd3f]" started-at="2024-08-23T21:05:25 IST" name="runScenario" description="Runs Cucumber Scenarios" data-provider="scenarios" finished-at="2024-08-23T21:05:25 IST" duration-ms="88" status="FAIL">
          <params>
            <param index="0">
              <value>
                <![CDATA["Positive test of purchasing the order"]]>
              </value>
            </param>
            <param index="1">
              <value>
                <![CDATA["Purchase the order from Ecommerece Website"]]>
              </value>
            </param>
          </params>
          <exception class="java.lang.NullPointerException">
            <message>
              <![CDATA[Cannot invoke "org.openqa.selenium.WebDriver.manage()" because "this.driver" is null]]>
            </message>
            <full-stacktrace>
              <![CDATA[java.lang.NullPointerException: Cannot invoke "org.openqa.selenium.WebDriver.manage()" because "this.driver" is null
at MPTech.TestComponent.BaseTest.InitializeDriver(BaseTest.java:63)
at MPTech.TestComponent.BaseTest.launchapplicatoin(BaseTest.java:82)
at MPTech.stepDefinitions.StepDefinitionImplementation.I_landed_on_the_ecommerce_page(StepDefinitionImplementation.java:26)
at ✽.I landed on the ecommerce page(file:///C:/Users/mparthasarathi/eclipse-workspace/Selfd/src/test/java/cucumber/Originalcode2.feature:6)
]]>
            </full-stacktrace>
          </exception> <!-- java.lang.NullPointerException -->
          <reporter-output>
          </reporter-output>
        </test-method> <!-- runScenario -->
        <test-method is-config="true" signature="tearDownClass()[pri:0, instance:cucumber.TestNGTestRunner@fdefd3f]" started-at="2024-08-23T21:05:25 IST" name="tearDownClass" finished-at="2024-08-23T21:05:25 IST" duration-ms="30" status="PASS">
          <reporter-output>
          </reporter-output>
        </test-method> <!-- tearDownClass -->
      </class> <!-- cucumber.TestNGTestRunner -->
    </test> <!-- Surefire test -->
  </suite> <!-- Surefire suite -->
</testng-results>
