<?xml version="1.0" encoding="UTF-8"?>
<!-- Generated by org.testng.reporters.JUnitReportReporter -->
<testsuite hostname="MPARTHA" failures="0" tests="1" name="cucumber.TestNGTestRunner" time="0.088" errors="1" timestamp="2024-08-23T21:05:25 IST" skipped="0">
  <testcase classname="cucumber.TestNGTestRunner" name="runScenario" time="0.088">
    <error message="Cannot invoke &quot;org.openqa.selenium.WebDriver.manage()&quot; because &quot;this.driver&quot; is null" type="java.lang.NullPointerException">
      <![CDATA[java.lang.NullPointerException: Cannot invoke "org.openqa.selenium.WebDriver.manage()" because "this.driver" is null
at MPTech.TestComponent.BaseTest.InitializeDriver(BaseTest.java:63)
at MPTech.TestComponent.BaseTest.launchapplicatoin(BaseTest.java:82)
at MPTech.stepDefinitions.StepDefinitionImplementation.I_landed_on_the_ecommerce_page(StepDefinitionImplementation.java:26)
at ✽.I landed on the ecommerce page(file:///C:/Users/mparthasarathi/eclipse-workspace/Selfd/src/test/java/cucumber/Originalcode2.feature:6)
]]>
    </error>
  </testcase> <!-- runScenario -->
</testsuite> <!-- cucumber.TestNGTestRunner -->
